TN:
SF:src/collection.ts
FN:5,load
FN:11,toJSON
FN:15,save
FN:19,delete
FN:23,includes
FN:28,indexOf
FN:33,replace
FN:41,remove
FN:45,get
FN:53,set
FN:63,toArray
FNF:11
FNH:7
FNDA:1,load
FNDA:1,toJSON
FNDA:0,save
FNDA:1,delete
FNDA:2,includes
FNDA:0,indexOf
FNDA:0,replace
FNDA:0,remove
FNDA:1,get
FNDA:1,set
FNDA:2,toArray
DA:1,1
DA:2,1
DA:3,1
DA:4,1
DA:5,1
DA:6,1
DA:7,1
DA:8,1
DA:9,1
DA:10,1
DA:11,1
DA:12,1
DA:13,1
DA:14,1
DA:15,1
DA:16,0
DA:17,0
DA:18,1
DA:19,1
DA:20,1
DA:21,1
DA:22,1
DA:23,1
DA:24,2
DA:25,2
DA:26,2
DA:27,1
DA:28,1
DA:29,0
DA:30,0
DA:31,0
DA:32,1
DA:33,1
DA:34,0
DA:35,0
DA:36,0
DA:37,0
DA:38,0
DA:39,0
DA:40,1
DA:41,1
DA:42,0
DA:43,0
DA:44,1
DA:45,1
DA:46,1
DA:47,0
DA:48,0
DA:49,1
DA:50,1
DA:51,1
DA:52,1
DA:53,1
DA:54,1
DA:55,0
DA:56,1
DA:57,1
DA:58,1
DA:59,1
DA:60,1
DA:61,1
DA:62,1
DA:63,1
DA:64,2
DA:65,2
DA:66,1
LF:66
LH:50
BRDA:5,0,0,1
BRDA:6,1,0,119
BRDA:7,2,0,119
BRDA:11,3,0,1
BRDA:12,4,0,119
BRDA:12,5,0,0
BRDA:19,6,0,1
BRDA:20,7,0,2
BRDA:23,8,0,2
BRDA:25,9,0,1
BRDA:25,10,0,1
BRDA:25,11,0,1
BRDA:24,12,0,3
BRDA:45,13,0,1
BRDA:46,14,0,0
BRDA:50,15,0,1
BRDA:53,16,0,1
BRDA:54,17,0,0
BRDA:63,18,0,2
BRF:19
BRH:16
end_of_record
TN:
SF:src/contracts.ts
FNF:0
FNH:0
DA:1,1
DA:2,1
DA:3,1
DA:4,1
DA:5,1
DA:6,1
DA:7,1
DA:8,1
DA:9,1
DA:10,1
DA:11,1
DA:12,1
DA:13,1
DA:14,1
DA:15,1
DA:16,1
DA:17,1
DA:18,1
DA:19,1
DA:20,1
DA:21,1
DA:22,1
DA:23,1
DA:24,1
DA:25,1
LF:25
LH:25
BRF:0
BRH:0
end_of_record
TN:
SF:src/db.ts
FN:11,getFirestore
FN:15,setFirestore
FN:27,makeCollection
FN:36,listen
FN:77,addListener
FN:90,removeListener
FN:98,clearListeners
FNF:7
FNH:3
FNDA:3,getFirestore
FNDA:1,setFirestore
FNDA:128,makeCollection
FNDA:0,listen
FNDA:0,addListener
FNDA:0,removeListener
FNDA:0,clearListeners
DA:1,1
DA:2,1
DA:3,1
DA:4,1
DA:5,1
DA:6,1
DA:7,1
DA:8,1
DA:9,1
DA:10,1
DA:11,1
DA:12,3
DA:13,3
DA:14,1
DA:15,1
DA:16,1
DA:17,1
DA:18,1
DA:19,1
DA:20,1
DA:21,1
DA:22,1
DA:23,1
DA:24,1
DA:25,1
DA:26,1
DA:27,1
DA:28,128
DA:29,2
DA:30,2
DA:31,128
DA:32,128
DA:33,1
DA:34,1
DA:35,1
DA:36,1
DA:37,0
DA:38,0
DA:39,0
DA:40,0
DA:41,0
DA:42,0
DA:43,0
DA:44,0
DA:45,0
DA:46,0
DA:47,0
DA:48,0
DA:49,0
DA:50,0
DA:51,0
DA:52,0
DA:53,0
DA:54,0
DA:55,0
DA:56,0
DA:57,0
DA:58,0
DA:59,0
DA:60,0
DA:61,0
DA:62,0
DA:63,0
DA:64,0
DA:65,0
DA:66,0
DA:67,0
DA:68,0
DA:69,0
DA:70,0
DA:71,0
DA:72,0
DA:73,0
DA:74,0
DA:75,0
DA:76,1
DA:77,1
DA:78,0
DA:79,0
DA:80,0
DA:81,0
DA:82,0
DA:83,0
DA:84,0
DA:85,0
DA:86,0
DA:87,0
DA:88,0
DA:89,1
DA:90,1
DA:91,0
DA:92,0
DA:93,0
DA:94,0
DA:95,0
DA:96,0
DA:97,1
DA:98,1
DA:99,0
DA:100,0
DA:101,0
DA:102,0
DA:103,0
DA:104,0
LF:104
LH:42
BRDA:11,0,0,3
BRDA:12,1,0,2
BRDA:15,2,0,1
BRDA:27,3,0,128
BRDA:28,4,0,2
BRF:5
BRH:5
end_of_record
TN:
SF:src/firestore-eloquent.ts
FN:6,get
FNF:1
FNH:1
FNDA:2,get
DA:1,1
DA:2,1
DA:3,1
DA:4,0
DA:5,1
DA:6,2
LF:6
LH:5
BRDA:6,0,0,10
BRDA:6,1,0,0
BRDA:6,2,0,0
BRDA:6,3,0,0
BRDA:6,4,0,0
BRDA:6,5,0,2
BRF:6
BRH:2
end_of_record
TN:
SF:src/has-event.ts
FN:26,HasEvent
FN:31,creating
FN:34,created
FN:37,updating
FN:40,updated
FN:43,deleting
FN:46,deleted
FN:49,saving
FN:52,saved
FN:56,callEvent
FN:64,registerEvent
FNF:11
FNH:2
FNDA:411,HasEvent
FNDA:0,creating
FNDA:0,created
FNDA:0,updating
FNDA:0,updated
FNDA:0,deleting
FNDA:0,deleted
FNDA:0,saving
FNDA:0,saved
FNDA:16,callEvent
FNDA:0,registerEvent
DA:1,1
DA:2,1
DA:3,1
DA:4,1
DA:5,1
DA:6,1
DA:7,1
DA:8,1
DA:9,1
DA:10,1
DA:11,1
DA:12,1
DA:13,1
DA:14,1
DA:15,1
DA:16,1
DA:17,1
DA:18,1
DA:19,1
DA:20,1
DA:21,1
DA:22,1
DA:23,1
DA:24,1
DA:25,1
DA:26,1
DA:27,411
DA:28,411
DA:29,411
DA:30,1
DA:31,1
DA:32,0
DA:33,0
DA:34,1
DA:35,0
DA:36,0
DA:37,1
DA:38,0
DA:39,0
DA:40,1
DA:41,0
DA:42,0
DA:43,1
DA:44,0
DA:45,0
DA:46,1
DA:47,0
DA:48,0
DA:49,1
DA:50,0
DA:51,0
DA:52,1
DA:53,0
DA:54,0
DA:55,1
DA:56,1
DA:57,16
DA:58,0
DA:59,0
DA:60,0
DA:61,16
DA:62,16
DA:63,1
DA:64,1
DA:65,0
DA:66,0
DA:67,0
DA:68,0
DA:69,0
DA:70,1
LF:70
LH:46
BRDA:26,0,0,411
BRDA:56,1,0,16
BRDA:57,2,0,0
BRF:3
BRH:2
end_of_record
TN:
SF:src/has-macros.ts
FN:6,HasMacros
FN:9,macro
FN:20,call
FNF:3
FNH:3
FNDA:532,HasMacros
FNDA:1,macro
FNDA:1,call
DA:1,1
DA:2,1
DA:3,1
DA:4,1
DA:5,1
DA:6,1
DA:7,1
DA:8,1
DA:9,1
DA:10,1
DA:11,1
DA:12,0
DA:13,0
DA:14,1
DA:15,1
DA:16,1
DA:17,1
DA:18,1
DA:19,1
DA:20,1
DA:21,1
DA:22,1
DA:23,0
DA:24,0
DA:25,1
DA:26,1
DA:27,1
DA:28,1
LF:28
LH:24
BRDA:6,0,0,532
BRDA:9,1,0,1
BRDA:11,2,0,0
BRDA:20,3,0,1
BRDA:22,4,0,0
BRDA:21,5,0,1
BRF:6
BRH:4
end_of_record
TN:
SF:src/has-relationship.ts
FN:9,hasMany
FN:13,hasOne
FN:17,belongsTo
FNF:3
FNH:3
FNDA:121,hasMany
FNDA:3,hasOne
FNDA:6,belongsTo
DA:1,1
DA:2,1
DA:3,1
DA:4,1
DA:5,1
DA:6,1
DA:7,1
DA:8,1
DA:9,1
DA:10,121
DA:11,121
DA:12,1
DA:13,1
DA:14,3
DA:15,3
DA:16,1
DA:17,1
DA:18,6
DA:19,6
DA:20,1
LF:20
LH:20
BRDA:9,0,0,121
BRDA:13,1,0,3
BRDA:17,2,0,6
BRF:3
BRH:3
end_of_record
TN:
SF:src/model.ts
FN:11,Model
FN:29,createQueryBuilder
FN:33,fillable
FN:37,booting
FN:39,booted
FN:41,entries
FN:45,values
FN:49,keys
FN:53,getTableName
FN:57,toJSON
FN:61,toRawData
FN:65,make
FN:69,paginate
FN:118,findOne
FN:141,findOneOrFail
FN:151,getCollection
FN:155,fill
FN:164,forceFill
FN:171,count
FN:176,delete
FN:191,set
FN:196,get
FN:218,getData
FN:243,first
FN:253,firstOrFail
FN:263,getAll
FN:309,withoutRelations
FN:323,load
FN:333,all
FN:337,create
FN:362,update
FN:383,id
FN:387,save
FN:394,unset
FN:399,has
FNF:35
FNH:30
FNDA:411,Model
FNDA:2,createQueryBuilder
FNDA:0,fillable
FNDA:411,booting
FNDA:411,booted
FNDA:0,entries
FNDA:0,values
FNDA:0,keys
FNDA:249,getTableName
FNDA:119,toJSON
FNDA:0,toRawData
FNDA:1,make
FNDA:1,paginate
FNDA:2,findOne
FNDA:1,findOneOrFail
FNDA:128,getCollection
FNDA:3,fill
FNDA:288,forceFill
FNDA:1,count
FNDA:2,delete
FNDA:1404,set
FNDA:136,get
FNDA:119,getData
FNDA:3,first
FNDA:2,firstOrFail
FNDA:123,getAll
FNDA:3,withoutRelations
FNDA:119,load
FNDA:2,all
FNDA:3,create
FNDA:1,update
FNDA:4,id
FNDA:3,save
FNDA:1,unset
FNDA:4,has
DA:1,1
DA:2,1
DA:3,1
DA:4,1
DA:5,1
DA:6,1
DA:7,1
DA:8,1
DA:9,1
DA:10,1
DA:11,1
DA:12,411
DA:13,411
DA:14,411
DA:15,411
DA:16,411
DA:17,411
DA:18,411
DA:19,411
DA:20,411
DA:21,411
DA:22,411
DA:23,411
DA:24,3
DA:25,3
DA:26,411
DA:27,411
DA:28,1
DA:29,1
DA:30,2
DA:31,2
DA:32,1
DA:33,1
DA:34,0
DA:35,0
DA:36,1
DA:37,1
DA:38,1
DA:39,1
DA:40,1
DA:41,1
DA:42,0
DA:43,0
DA:44,1
DA:45,1
DA:46,0
DA:47,0
DA:48,1
DA:49,1
DA:50,0
DA:51,0
DA:52,1
DA:53,1
DA:54,249
DA:55,249
DA:56,1
DA:57,1
DA:58,119
DA:59,119
DA:60,1
DA:61,1
DA:62,0
DA:63,0
DA:64,1
DA:65,1
DA:66,1
DA:67,1
DA:68,1
DA:69,1
DA:70,1
DA:71,1
DA:72,1
DA:73,0
DA:74,0
DA:75,0
DA:76,0
DA:77,0
DA:78,0
DA:79,0
DA:80,0
DA:81,0
DA:82,0
DA:83,0
DA:84,0
DA:85,0
DA:86,0
DA:87,0
DA:88,0
DA:89,0
DA:90,0
DA:91,0
DA:92,0
DA:93,0
DA:94,1
DA:95,1
DA:96,1
DA:97,1
DA:98,1
DA:99,1
DA:100,1
DA:101,1
DA:102,10
DA:103,10
DA:104,10
DA:105,10
DA:106,10
DA:107,10
DA:108,10
DA:109,10
DA:110,1
DA:111,1
DA:112,0
DA:113,1
DA:114,1
DA:115,1
DA:116,1
DA:117,1
DA:118,1
DA:119,2
DA:120,2
DA:121,2
DA:122,2
DA:123,1
DA:124,1
DA:125,1
DA:126,1
DA:127,1
DA:128,1
DA:129,1
DA:130,1
DA:131,1
DA:132,1
DA:133,2
DA:134,0
DA:135,0
DA:136,2
DA:137,2
DA:138,2
DA:139,2
DA:140,1
DA:141,1
DA:142,1
DA:143,1
DA:144,1
DA:145,1
DA:146,1
DA:147,0
DA:148,0
DA:149,0
DA:150,1
DA:151,1
DA:152,128
DA:153,128
DA:154,1
DA:155,1
DA:156,3
DA:157,5
DA:158,5
DA:159,5
DA:160,5
DA:161,3
DA:162,3
DA:163,1
DA:164,1
DA:165,288
DA:166,1153
DA:167,1153
DA:168,288
DA:169,288
DA:170,1
DA:171,1
DA:172,1
DA:173,1
DA:174,1
DA:175,1
DA:176,1
DA:177,2
DA:178,2
DA:179,2
DA:180,2
DA:181,2
DA:182,2
DA:183,2
DA:184,2
DA:185,0
DA:186,2
DA:187,2
DA:188,2
DA:189,2
DA:190,1
DA:191,1
DA:192,1404
DA:193,1404
DA:194,1404
DA:195,1
DA:196,1
DA:197,136
DA:198,3
DA:199,3
DA:200,133
DA:201,133
DA:202,136
DA:203,0
DA:204,136
DA:205,0
DA:206,133
DA:207,0
DA:208,0
DA:209,0
DA:210,0
DA:211,0
DA:212,0
DA:213,0
DA:214,133
DA:215,133
DA:216,133
DA:217,1
DA:218,1
DA:219,119
DA:220,119
DA:221,119
DA:222,452
DA:223,452
DA:224,452
DA:225,0
DA:226,452
DA:227,0
DA:228,452
DA:229,0
DA:230,0
DA:231,0
DA:232,0
DA:233,0
DA:234,0
DA:235,452
DA:236,452
DA:237,452
DA:238,452
DA:239,119
DA:240,119
DA:241,119
DA:242,1
DA:243,1
DA:244,3
DA:245,3
DA:246,3
DA:247,2
DA:248,2
DA:249,1
DA:250,1
DA:251,1
DA:252,1
DA:253,1
DA:254,2
DA:255,2
DA:256,2
DA:257,1
DA:258,1
DA:259,1
DA:260,1
DA:261,1
DA:262,1
DA:263,1
DA:264,123
DA:265,123
DA:266,123
DA:267,121
DA:268,121
DA:269,121
DA:270,121
DA:271,121
DA:272,121
DA:273,0
DA:274,0
DA:275,2
DA:276,2
DA:277,0
DA:278,121
DA:279,0
DA:280,0
DA:281,0
DA:282,0
DA:283,121
DA:284,0
DA:285,0
DA:286,121
DA:287,121
DA:288,123
DA:289,123
DA:290,123
DA:291,123
DA:292,285
DA:293,285
DA:294,285
DA:295,285
DA:296,285
DA:297,285
DA:298,285
DA:299,285
DA:300,123
DA:301,123
DA:302,123
DA:303,0
DA:304,123
DA:305,123
DA:306,123
DA:307,123
DA:308,1
DA:309,1
DA:310,3
DA:311,3
DA:312,3
DA:313,11
DA:314,11
DA:315,11
DA:316,11
DA:317,11
DA:318,11
DA:319,3
DA:320,3
DA:321,3
DA:322,1
DA:323,1
DA:324,119
DA:325,119
DA:326,119
DA:327,119
DA:328,119
DA:329,119
DA:330,119
DA:331,119
DA:332,1
DA:333,1
DA:334,2
DA:335,2
DA:336,1
DA:337,1
DA:338,3
DA:339,0
DA:340,0
DA:341,3
DA:342,3
DA:343,3
DA:344,3
DA:345,3
DA:346,3
DA:347,3
DA:348,3
DA:349,3
DA:350,3
DA:351,3
DA:352,3
DA:353,3
DA:354,3
DA:355,3
DA:356,3
DA:357,3
DA:358,3
DA:359,3
DA:360,3
DA:361,1
DA:362,1
DA:363,1
DA:364,1
DA:365,1
DA:366,1
DA:367,1
DA:368,1
DA:369,1
DA:370,1
DA:371,1
DA:372,1
DA:373,1
DA:374,1
DA:375,1
DA:376,1
DA:377,1
DA:378,0
DA:379,0
DA:380,0
DA:381,1
DA:382,1
DA:383,1
DA:384,4
DA:385,4
DA:386,1
DA:387,1
DA:388,3
DA:389,0
DA:390,0
DA:391,3
DA:392,3
DA:393,1
DA:394,1
DA:395,1
DA:396,1
DA:397,1
DA:398,1
DA:399,1
DA:400,4
DA:401,4
DA:402,1
LF:402
LH:330
BRDA:11,0,0,411
BRDA:16,1,0,0
BRDA:23,2,0,3
BRDA:29,3,0,2
BRDA:37,4,0,411
BRDA:39,5,0,411
BRDA:53,6,0,249
BRDA:57,7,0,119
BRDA:65,8,0,1
BRDA:69,9,0,1
BRDA:111,10,0,0
BRDA:101,11,0,10
BRDA:118,12,0,2
BRDA:122,13,0,1
BRDA:133,14,0,0
BRDA:141,15,0,1
BRDA:147,16,0,0
BRDA:151,17,0,128
BRDA:155,18,0,3
BRDA:156,19,0,5
BRDA:157,20,0,0
BRDA:157,21,0,7
BRDA:164,22,0,288
BRDA:165,23,0,1153
BRDA:171,24,0,1
BRDA:176,25,0,2
BRDA:184,26,0,0
BRDA:191,27,0,1404
BRDA:196,28,0,136
BRDA:197,29,0,3
BRDA:200,30,0,133
BRDA:202,31,0,0
BRDA:204,32,0,133
BRDA:204,33,0,0
BRDA:206,34,0,0
BRDA:218,35,0,119
BRDA:221,36,0,452
BRDA:224,37,0,0
BRDA:226,38,0,0
BRDA:228,39,0,0
BRDA:243,40,0,3
BRDA:246,41,0,2
BRDA:249,42,0,1
BRDA:253,43,0,2
BRDA:256,44,0,1
BRDA:263,45,0,123
BRDA:302,46,0,0
BRDA:266,47,0,121
BRDA:272,48,0,0
BRDA:278,49,0,0
BRDA:283,50,0,0
BRDA:274,51,0,2
BRDA:291,52,0,285
BRDA:309,53,0,3
BRDA:312,54,0,11
BRDA:323,55,0,119
BRDA:324,56,0,119
BRDA:326,57,0,119
BRDA:333,58,0,2
BRDA:337,59,0,3
BRDA:338,60,0,0
BRDA:362,61,0,1
BRDA:377,62,0,0
BRDA:383,63,0,4
BRDA:387,64,0,3
BRDA:388,65,0,0
BRDA:391,66,0,0
BRDA:394,67,0,1
BRDA:399,68,0,4
BRDA:400,69,0,3
BRF:70
BRH:50
end_of_record
TN:
SF:src/query-builder.ts
FN:13,QueryBuilder
FN:16,clearQueries
FN:21,where
FN:32,whereIn
FN:42,limit
FNF:5
FNH:5
FNDA:532,QueryBuilder
FNDA:246,clearQueries
FNDA:121,where
FNDA:1,whereIn
FNDA:4,limit
DA:1,1
DA:2,1
DA:3,1
DA:4,1
DA:5,1
DA:6,1
DA:7,1
DA:8,1
DA:9,1
DA:10,1
DA:11,1
DA:12,1
DA:13,1
DA:14,1
DA:15,1
DA:16,1
DA:17,246
DA:18,246
DA:19,246
DA:20,1
DA:21,1
DA:22,121
DA:23,121
DA:24,121
DA:25,121
DA:26,121
DA:27,121
DA:28,121
DA:29,121
DA:30,121
DA:31,1
DA:32,1
DA:33,1
DA:34,1
DA:35,1
DA:36,1
DA:37,1
DA:38,1
DA:39,1
DA:40,1
DA:41,1
DA:42,1
DA:43,4
DA:44,4
DA:45,4
DA:46,1
LF:46
LH:46
BRDA:13,0,0,532
BRDA:16,1,0,246
BRDA:21,2,0,121
BRDA:32,3,0,1
BRDA:42,4,0,4
BRF:5
BRH:5
end_of_record
TN:
SF:src/relations/belongs-to.ts
FN:10,BelongsTo
FN:17,create
FN:21,update
FN:27,get
FN:57,set
FN:64,save
FN:77,delete
FN:81,getForeignKey
FNF:8
FNH:8
FNDA:6,BelongsTo
FNDA:1,create
FNDA:1,update
FNDA:2,get
FNDA:1,set
FNDA:1,save
FNDA:1,delete
FNDA:3,getForeignKey
DA:1,1
DA:2,1
DA:3,1
DA:4,1
DA:5,1
DA:6,1
DA:7,1
DA:8,1
DA:9,1
DA:10,1
DA:11,6
DA:12,6
DA:13,6
DA:14,6
DA:15,6
DA:16,1
DA:17,1
DA:18,1
DA:19,1
DA:20,1
DA:21,1
DA:22,1
DA:23,1
DA:24,1
DA:25,1
DA:26,1
DA:27,1
DA:28,2
DA:29,2
DA:30,3
DA:31,3
DA:32,1
DA:33,1
DA:34,1
DA:35,3
DA:36,1
DA:37,1
DA:38,3
DA:39,1
DA:40,1
DA:41,3
DA:42,3
DA:43,2
DA:44,2
DA:45,2
DA:46,2
DA:47,2
DA:48,2
DA:49,2
DA:50,0
DA:51,0
DA:52,2
DA:53,2
DA:54,2
DA:55,2
DA:56,1
DA:57,1
DA:58,1
DA:59,1
DA:60,1
DA:61,1
DA:62,1
DA:63,1
DA:64,1
DA:65,1
DA:66,1
DA:67,1
DA:68,1
DA:69,1
DA:70,1
DA:71,1
DA:72,1
DA:73,0
DA:74,0
DA:75,1
DA:76,1
DA:77,1
DA:78,1
DA:79,1
DA:80,1
DA:81,1
DA:82,3
DA:83,3
DA:84,1
LF:84
LH:80
BRDA:10,0,0,6
BRDA:17,1,0,1
BRDA:21,2,0,1
BRDA:27,3,0,2
BRDA:49,4,0,0
BRDA:29,5,0,3
BRDA:31,6,0,1
BRDA:35,7,0,1
BRDA:38,8,0,1
BRDA:57,9,0,1
BRDA:64,10,0,1
BRDA:72,11,0,0
BRDA:77,12,0,1
BRDA:81,13,0,3
BRF:14
BRH:12
end_of_record
TN:
SF:src/relations/has-many.ts
FN:6,get
FN:34,find
FN:60,findOrFail
FN:70,count
FNF:4
FNH:4
FNDA:121,get
FNDA:2,find
FNDA:1,findOrFail
FNDA:1,count
DA:1,1
DA:2,1
DA:3,1
DA:4,1
DA:5,1
DA:6,1
DA:7,121
DA:8,121
DA:9,3
DA:10,3
DA:11,1
DA:12,1
DA:13,1
DA:14,3
DA:15,1
DA:16,1
DA:17,3
DA:18,1
DA:19,1
DA:20,3
DA:21,3
DA:22,121
DA:23,121
DA:24,121
DA:25,121
DA:26,121
DA:27,121
DA:28,0
DA:29,121
DA:30,121
DA:31,121
DA:32,121
DA:33,1
DA:34,1
DA:35,2
DA:36,2
DA:37,3
DA:38,3
DA:39,1
DA:40,1
DA:41,1
DA:42,3
DA:43,1
DA:44,1
DA:45,3
DA:46,1
DA:47,1
DA:48,3
DA:49,3
DA:50,2
DA:51,2
DA:52,2
DA:53,2
DA:54,0
DA:55,2
DA:56,2
DA:57,2
DA:58,2
DA:59,1
DA:60,1
DA:61,1
DA:62,1
DA:63,1
DA:64,1
DA:65,1
DA:66,0
DA:67,0
DA:68,0
DA:69,1
DA:70,1
DA:71,1
DA:72,1
DA:73,1
DA:74,1
DA:75,0
DA:76,0
DA:77,1
DA:78,1
LF:78
LH:71
BRDA:6,0,0,121
BRDA:27,1,0,0
BRDA:8,2,0,3
BRDA:10,3,0,1
BRDA:14,4,0,1
BRDA:17,5,0,1
BRDA:34,6,0,2
BRDA:53,7,0,0
BRDA:36,8,0,3
BRDA:38,9,0,1
BRDA:42,10,0,1
BRDA:45,11,0,1
BRDA:60,12,0,1
BRDA:66,13,0,0
BRDA:70,14,0,1
BRDA:74,15,0,0
BRF:16
BRH:12
end_of_record
TN:
SF:src/relations/has-one-or-many.ts
FN:11,HasOneOrMany
FN:18,get
FN:22,create
FN:34,update
FN:45,save
FN:55,first
FN:81,firstOrFail
FN:91,delete
FN:104,getForeignKey
FNF:9
FNH:8
FNDA:121,HasOneOrMany
FNDA:0,get
FNDA:1,create
FNDA:1,update
FNDA:1,save
FNDA:3,first
FNDA:2,firstOrFail
FNDA:1,delete
FNDA:121,getForeignKey
DA:1,1
DA:2,1
DA:3,1
DA:4,1
DA:5,1
DA:6,1
DA:7,1
DA:8,1
DA:9,1
DA:10,1
DA:11,1
DA:12,121
DA:13,121
DA:14,121
DA:15,121
DA:16,121
DA:17,1
DA:18,1
DA:19,0
DA:20,0
DA:21,1
DA:22,1
DA:23,1
DA:24,1
DA:25,1
DA:26,1
DA:27,1
DA:28,1
DA:29,1
DA:30,0
DA:31,0
DA:32,1
DA:33,1
DA:34,1
DA:35,1
DA:36,1
DA:37,1
DA:38,1
DA:39,1
DA:40,1
DA:41,0
DA:42,0
DA:43,1
DA:44,1
DA:45,1
DA:46,1
DA:47,1
DA:48,1
DA:49,1
DA:50,1
DA:51,1
DA:52,1
DA:53,1
DA:54,1
DA:55,1
DA:56,3
DA:57,3
DA:58,3
DA:59,3
DA:60,1
DA:61,1
DA:62,1
DA:63,3
DA:64,1
DA:65,1
DA:66,3
DA:67,1
DA:68,1
DA:69,3
DA:70,3
DA:71,3
DA:72,3
DA:73,3
DA:74,3
DA:75,0
DA:76,3
DA:77,3
DA:78,3
DA:79,3
DA:80,1
DA:81,1
DA:82,2
DA:83,2
DA:84,2
DA:85,1
DA:86,1
DA:87,1
DA:88,1
DA:89,1
DA:90,1
DA:91,1
DA:92,1
DA:93,1
DA:94,1
DA:95,1
DA:96,1
DA:97,1
DA:98,1
DA:99,1
DA:100,0
DA:101,0
DA:102,1
DA:103,1
DA:104,1
DA:105,121
DA:106,121
DA:107,1
LF:107
LH:98
BRDA:11,0,0,121
BRDA:22,1,0,1
BRDA:29,2,0,0
BRDA:34,3,0,1
BRDA:40,4,0,0
BRDA:45,5,0,1
BRDA:47,6,0,0
BRDA:52,7,0,0
BRDA:55,8,0,3
BRDA:74,9,0,0
BRDA:57,10,0,3
BRDA:59,11,0,1
BRDA:63,12,0,1
BRDA:66,13,0,1
BRDA:81,14,0,2
BRDA:84,15,0,1
BRDA:91,16,0,1
BRDA:99,17,0,0
BRDA:104,18,0,121
BRF:19
BRH:13
end_of_record
TN:
SF:src/relations/has-one.ts
FN:6,HasOne
FN:11,get
FNF:2
FNH:2
FNDA:3,HasOne
FNDA:2,get
DA:1,1
DA:2,1
DA:3,1
DA:4,1
DA:5,1
DA:6,1
DA:7,3
DA:8,3
DA:9,3
DA:10,1
DA:11,1
DA:12,2
DA:13,2
DA:14,3
DA:15,3
DA:16,1
DA:17,1
DA:18,1
DA:19,3
DA:20,1
DA:21,1
DA:22,3
DA:23,1
DA:24,1
DA:25,3
DA:26,3
DA:27,2
DA:28,2
DA:29,2
DA:30,2
DA:31,2
DA:32,2
DA:33,0
DA:34,2
DA:35,2
DA:36,2
DA:37,2
DA:38,1
LF:38
LH:37
BRDA:6,0,0,3
BRDA:11,1,0,2
BRDA:32,2,0,0
BRDA:13,3,0,3
BRDA:15,4,0,1
BRDA:19,5,0,1
BRDA:22,6,0,1
BRF:7
BRH:6
end_of_record
TN:
SF:tests/app.ts
FN:11,TestModel
FN:14,fillable
FN:19,Post
FN:22,fillable
FN:26,comments
FN:30,image
FN:35,Image
FN:38,fillable
FN:42,post
FN:47,Comment
FN:50,fillable
FN:54,post
FNF:12
FNH:11
FNDA:279,TestModel
FNDA:279,fillable
FNDA:241,Post
FNDA:241,fillable
FNDA:121,comments
FNDA:3,image
FNDA:5,Image
FNDA:5,fillable
FNDA:0,post
FNDA:170,Comment
FNDA:170,fillable
FNDA:6,post
DA:1,1
DA:2,1
DA:3,1
DA:4,1
DA:5,1
DA:6,1
DA:7,1
DA:8,1
DA:9,1
DA:10,1
DA:11,1
DA:12,1
DA:13,1
DA:14,1
DA:15,279
DA:16,279
DA:17,1
DA:18,1
DA:19,1
DA:20,1
DA:21,1
DA:22,1
DA:23,241
DA:24,241
DA:25,1
DA:26,1
DA:27,121
DA:28,121
DA:29,1
DA:30,1
DA:31,3
DA:32,3
DA:33,1
DA:34,1
DA:35,1
DA:36,1
DA:37,1
DA:38,1
DA:39,5
DA:40,5
DA:41,1
DA:42,1
DA:43,0
DA:44,0
DA:45,1
DA:46,1
DA:47,1
DA:48,1
DA:49,1
DA:50,1
DA:51,170
DA:52,170
DA:53,1
DA:54,1
DA:55,6
DA:56,6
DA:57,1
LF:57
LH:55
BRDA:11,0,0,279
BRDA:14,1,0,279
BRDA:19,2,0,241
BRDA:22,3,0,241
BRDA:26,4,0,121
BRDA:30,5,0,3
BRDA:35,6,0,5
BRDA:38,7,0,5
BRDA:47,8,0,170
BRDA:50,9,0,170
BRDA:54,10,0,6
BRF:11
BRH:11
end_of_record
TN:
SF:tests/test-config.ts
FNF:0
FNH:0
DA:1,1
DA:2,1
DA:3,1
DA:4,1
DA:5,1
DA:6,1
DA:7,1
DA:8,1
LF:8
LH:8
BRF:0
BRH:0
end_of_record
